<?xml version="1.0" encoding="UTF-8"?>
<!-- Generated by org.testng.reporters.JUnitReportReporter -->
<testsuite hostname="DESKTOP-6CV4G98" failures="0" tests="2" name="tests.LoginTest" time="0.908" errors="0" timestamp="2023-01-18T09:53:15 IST" skipped="0">
  <testcase classname="tests.LoginTest" name="verifyPageTitle" time="0.046"/>
  <system-out>
    <![CDATA[Verified login page title]]>
  </system-out>
  <testcase classname="tests.LoginTest" name="login" time="0.862"/>
  <system-out>
    <![CDATA[entered username
entered password
Click on Login]]>
  </system-out>
</testsuite> <!-- tests.LoginTest -->
