<?xml version="1.0" encoding="UTF-8"?>
<!-- Generated by org.testng.reporters.JUnitReportReporter -->
<testsuite hostname="DESKTOP-6CV4G98" failures="0" tests="1" name="tests.HomeTest" time="2.944" errors="0" timestamp="2023-01-18T09:31:56 IST" skipped="0">
  <testcase classname="tests.HomeTest" name="logout" time="2.944"/>
  <system-out>
    <![CDATA[Verified dashboard tab present
Clicked on profile
Clicked on logout]]>
  </system-out>
</testsuite> <!-- tests.HomeTest -->
